--------------------------------------------------------------------------------
Release 13.2 Trace  (nt)
Copyright (c) 1995-2011 Xilinx, Inc.  All rights reserved.

D:\Xilinx\13.2\ISE_DS\ISE\bin\nt\unwrapped\trce.exe -intstyle ise -v 3 -s 3 -n
3 -fastpaths -xml openmips_min_sopc.twx openmips_min_sopc.ncd -o
openmips_min_sopc.twr openmips_min_sopc.pcf

Design file:              openmips_min_sopc.ncd
Physical constraint file: openmips_min_sopc.pcf
Device,package,speed:     xc6slx16,csg324,C,-3 (PRODUCTION 1.19 2011-06-20)
Report level:             verbose report

Environment Variable      Effect 
--------------------      ------ 
NONE                      No environment variables were set
--------------------------------------------------------------------------------

INFO:Timing:2752 - To get complete path coverage, use the unconstrained paths 
   option. All paths that are not constrained will be reported in the 
   unconstrained paths section(s) of the report.
INFO:Timing:3339 - The clock-to-out numbers in this timing report are based on 
   a 50 Ohm transmission line loading model.  For the details of this model, 
   and for more information on accounting for different loading conditions, 
   please see the device datasheet.

================================================================================
Timing constraint: NET "clk_100mhz_BUFGP/IBUFG" PERIOD = 10 ns HIGH 50%;

 1608 paths analyzed, 242 endpoints analyzed, 0 failing endpoints
 0 timing errors detected. (0 setup errors, 0 hold errors, 0 component switching limit errors)
 Minimum period is   7.049ns.
--------------------------------------------------------------------------------

Paths for end point anti_jitter/counter_15 (SLICE_X13Y22.SR), 18 paths
--------------------------------------------------------------------------------
Slack (setup path):     2.951ns (requirement - (data path - clock path skew + uncertainty))
  Source:               anti_jitter/sw_temp_1 (FF)
  Destination:          anti_jitter/counter_15 (FF)
  Requirement:          10.000ns
  Data Path Delay:      7.004ns (Levels of Logic = 2)
  Clock Path Skew:      -0.010ns (0.335 - 0.345)
  Source Clock:         clk_100mhz_BUFGP rising at 0.000ns
  Destination Clock:    clk_100mhz_BUFGP rising at 10.000ns
  Clock Uncertainty:    0.035ns

  Clock Uncertainty:          0.035ns  ((TSJ^2 + TIJ^2)^1/2 + DJ) / 2 + PE
    Total System Jitter (TSJ):  0.070ns
    Total Input Jitter (TIJ):   0.000ns
    Discrete Jitter (DJ):       0.000ns
    Phase Error (PE):           0.000ns

  Maximum Data Path at Slow Process Corner: anti_jitter/sw_temp_1 to anti_jitter/counter_15
    Location             Delay type         Delay(ns)  Physical Resource
                                                       Logical Resource(s)
    -------------------------------------------------  -------------------
    SLICE_X17Y9.BQ       Tcko                  0.391   anti_jitter/sw_temp<3>
                                                       anti_jitter/sw_temp_1
    SLICE_X15Y45.D4      net (fanout=2)        2.594   anti_jitter/sw_temp<1>
    SLICE_X15Y45.D       Tilo                  0.259   anti_jitter/btn_temp<4>
                                                       anti_jitter/btn_temp[4]_sw_temp[7]_OR_140_o6
    SLICE_X15Y16.A5      net (fanout=2)        1.938   anti_jitter/btn_temp[4]_sw_temp[7]_OR_140_o6
    SLICE_X15Y16.A       Tilo                  0.259   anti_jitter/counter<16>
                                                       anti_jitter/btn_temp[4]_sw_temp[7]_OR_140_o7
    SLICE_X13Y22.SR      net (fanout=5)        1.117   anti_jitter/btn_temp[4]_sw_temp[7]_OR_140_o
    SLICE_X13Y22.CLK     Tsrck                 0.446   anti_jitter/counter<15>
                                                       anti_jitter/counter_15
    -------------------------------------------------  ---------------------------
    Total                                      7.004ns (1.355ns logic, 5.649ns route)
                                                       (19.3% logic, 80.7% route)

--------------------------------------------------------------------------------
Slack (setup path):     4.580ns (requirement - (data path - clock path skew + uncertainty))
  Source:               anti_jitter/btn_temp_4 (FF)
  Destination:          anti_jitter/counter_15 (FF)
  Requirement:          10.000ns
  Data Path Delay:      5.357ns (Levels of Logic = 2)
  Clock Path Skew:      -0.028ns (0.422 - 0.450)
  Source Clock:         clk_100mhz_BUFGP rising at 0.000ns
  Destination Clock:    clk_100mhz_BUFGP rising at 10.000ns
  Clock Uncertainty:    0.035ns

  Clock Uncertainty:          0.035ns  ((TSJ^2 + TIJ^2)^1/2 + DJ) / 2 + PE
    Total System Jitter (TSJ):  0.070ns
    Total Input Jitter (TIJ):   0.000ns
    Discrete Jitter (DJ):       0.000ns
    Phase Error (PE):           0.000ns

  Maximum Data Path at Slow Process Corner: anti_jitter/btn_temp_4 to anti_jitter/counter_15
    Location             Delay type         Delay(ns)  Physical Resource
                                                       Logical Resource(s)
    -------------------------------------------------  -------------------
    SLICE_X15Y45.AQ      Tcko                  0.391   anti_jitter/btn_temp<4>
                                                       anti_jitter/btn_temp_4
    SLICE_X15Y45.D3      net (fanout=2)        0.947   anti_jitter/btn_temp<4>
    SLICE_X15Y45.D       Tilo                  0.259   anti_jitter/btn_temp<4>
                                                       anti_jitter/btn_temp[4]_sw_temp[7]_OR_140_o6
    SLICE_X15Y16.A5      net (fanout=2)        1.938   anti_jitter/btn_temp[4]_sw_temp[7]_OR_140_o6
    SLICE_X15Y16.A       Tilo                  0.259   anti_jitter/counter<16>
                                                       anti_jitter/btn_temp[4]_sw_temp[7]_OR_140_o7
    SLICE_X13Y22.SR      net (fanout=5)        1.117   anti_jitter/btn_temp[4]_sw_temp[7]_OR_140_o
    SLICE_X13Y22.CLK     Tsrck                 0.446   anti_jitter/counter<15>
                                                       anti_jitter/counter_15
    -------------------------------------------------  ---------------------------
    Total                                      5.357ns (1.355ns logic, 4.002ns route)
                                                       (25.3% logic, 74.7% route)

--------------------------------------------------------------------------------
Slack (setup path):     4.728ns (requirement - (data path - clock path skew + uncertainty))
  Source:               anti_jitter/btn_temp_0 (FF)
  Destination:          anti_jitter/counter_15 (FF)
  Requirement:          10.000ns
  Data Path Delay:      5.209ns (Levels of Logic = 2)
  Clock Path Skew:      -0.028ns (0.422 - 0.450)
  Source Clock:         clk_100mhz_BUFGP rising at 0.000ns
  Destination Clock:    clk_100mhz_BUFGP rising at 10.000ns
  Clock Uncertainty:    0.035ns

  Clock Uncertainty:          0.035ns  ((TSJ^2 + TIJ^2)^1/2 + DJ) / 2 + PE
    Total System Jitter (TSJ):  0.070ns
    Total Input Jitter (TIJ):   0.000ns
    Discrete Jitter (DJ):       0.000ns
    Phase Error (PE):           0.000ns

  Maximum Data Path at Slow Process Corner: anti_jitter/btn_temp_0 to anti_jitter/counter_15
    Location             Delay type         Delay(ns)  Physical Resource
                                                       Logical Resource(s)
    -------------------------------------------------  -------------------
    SLICE_X14Y45.AQ      Tcko                  0.447   anti_jitter/btn_temp<3>
                                                       anti_jitter/btn_temp_0
    SLICE_X15Y45.D6      net (fanout=1)        0.743   anti_jitter/btn_temp<0>
    SLICE_X15Y45.D       Tilo                  0.259   anti_jitter/btn_temp<4>
                                                       anti_jitter/btn_temp[4]_sw_temp[7]_OR_140_o6
    SLICE_X15Y16.A5      net (fanout=2)        1.938   anti_jitter/btn_temp[4]_sw_temp[7]_OR_140_o6
    SLICE_X15Y16.A       Tilo                  0.259   anti_jitter/counter<16>
                                                       anti_jitter/btn_temp[4]_sw_temp[7]_OR_140_o7
    SLICE_X13Y22.SR      net (fanout=5)        1.117   anti_jitter/btn_temp[4]_sw_temp[7]_OR_140_o
    SLICE_X13Y22.CLK     Tsrck                 0.446   anti_jitter/counter<15>
                                                       anti_jitter/counter_15
    -------------------------------------------------  ---------------------------
    Total                                      5.209ns (1.411ns logic, 3.798ns route)
                                                       (27.1% logic, 72.9% route)

--------------------------------------------------------------------------------

Paths for end point anti_jitter/counter_14 (SLICE_X13Y22.SR), 18 paths
--------------------------------------------------------------------------------
Slack (setup path):     2.975ns (requirement - (data path - clock path skew + uncertainty))
  Source:               anti_jitter/sw_temp_1 (FF)
  Destination:          anti_jitter/counter_14 (FF)
  Requirement:          10.000ns
  Data Path Delay:      6.980ns (Levels of Logic = 2)
  Clock Path Skew:      -0.010ns (0.335 - 0.345)
  Source Clock:         clk_100mhz_BUFGP rising at 0.000ns
  Destination Clock:    clk_100mhz_BUFGP rising at 10.000ns
  Clock Uncertainty:    0.035ns

  Clock Uncertainty:          0.035ns  ((TSJ^2 + TIJ^2)^1/2 + DJ) / 2 + PE
    Total System Jitter (TSJ):  0.070ns
    Total Input Jitter (TIJ):   0.000ns
    Discrete Jitter (DJ):       0.000ns
    Phase Error (PE):           0.000ns

  Maximum Data Path at Slow Process Corner: anti_jitter/sw_temp_1 to anti_jitter/counter_14
    Location             Delay type         Delay(ns)  Physical Resource
                                                       Logical Resource(s)
    -------------------------------------------------  -------------------
    SLICE_X17Y9.BQ       Tcko                  0.391   anti_jitter/sw_temp<3>
                                                       anti_jitter/sw_temp_1
    SLICE_X15Y45.D4      net (fanout=2)        2.594   anti_jitter/sw_temp<1>
    SLICE_X15Y45.D       Tilo                  0.259   anti_jitter/btn_temp<4>
                                                       anti_jitter/btn_temp[4]_sw_temp[7]_OR_140_o6
    SLICE_X15Y16.A5      net (fanout=2)        1.938   anti_jitter/btn_temp[4]_sw_temp[7]_OR_140_o6
    SLICE_X15Y16.A       Tilo                  0.259   anti_jitter/counter<16>
                                                       anti_jitter/btn_temp[4]_sw_temp[7]_OR_140_o7
    SLICE_X13Y22.SR      net (fanout=5)        1.117   anti_jitter/btn_temp[4]_sw_temp[7]_OR_140_o
    SLICE_X13Y22.CLK     Tsrck                 0.422   anti_jitter/counter<15>
                                                       anti_jitter/counter_14
    -------------------------------------------------  ---------------------------
    Total                                      6.980ns (1.331ns logic, 5.649ns route)
                                                       (19.1% logic, 80.9% route)

--------------------------------------------------------------------------------
Slack (setup path):     4.604ns (requirement - (data path - clock path skew + uncertainty))
  Source:               anti_jitter/btn_temp_4 (FF)
  Destination:          anti_jitter/counter_14 (FF)
  Requirement:          10.000ns
  Data Path Delay:      5.333ns (Levels of Logic = 2)
  Clock Path Skew:      -0.028ns (0.422 - 0.450)
  Source Clock:         clk_100mhz_BUFGP rising at 0.000ns
  Destination Clock:    clk_100mhz_BUFGP rising at 10.000ns
  Clock Uncertainty:    0.035ns

  Clock Uncertainty:          0.035ns  ((TSJ^2 + TIJ^2)^1/2 + DJ) / 2 + PE
    Total System Jitter (TSJ):  0.070ns
    Total Input Jitter (TIJ):   0.000ns
    Discrete Jitter (DJ):       0.000ns
    Phase Error (PE):           0.000ns

  Maximum Data Path at Slow Process Corner: anti_jitter/btn_temp_4 to anti_jitter/counter_14
    Location             Delay type         Delay(ns)  Physical Resource
                                                       Logical Resource(s)
    -------------------------------------------------  -------------------
    SLICE_X15Y45.AQ      Tcko                  0.391   anti_jitter/btn_temp<4>
                                                       anti_jitter/btn_temp_4
    SLICE_X15Y45.D3      net (fanout=2)        0.947   anti_jitter/btn_temp<4>
    SLICE_X15Y45.D       Tilo                  0.259   anti_jitter/btn_temp<4>
                                                       anti_jitter/btn_temp[4]_sw_temp[7]_OR_140_o6
    SLICE_X15Y16.A5      net (fanout=2)        1.938   anti_jitter/btn_temp[4]_sw_temp[7]_OR_140_o6
    SLICE_X15Y16.A       Tilo                  0.259   anti_jitter/counter<16>
                                                       anti_jitter/btn_temp[4]_sw_temp[7]_OR_140_o7
    SLICE_X13Y22.SR      net (fanout=5)        1.117   anti_jitter/btn_temp[4]_sw_temp[7]_OR_140_o
    SLICE_X13Y22.CLK     Tsrck                 0.422   anti_jitter/counter<15>
                                                       anti_jitter/counter_14
    -------------------------------------------------  ---------------------------
    Total                                      5.333ns (1.331ns logic, 4.002ns route)
                                                       (25.0% logic, 75.0% route)

--------------------------------------------------------------------------------
Slack (setup path):     4.752ns (requirement - (data path - clock path skew + uncertainty))
  Source:               anti_jitter/btn_temp_0 (FF)
  Destination:          anti_jitter/counter_14 (FF)
  Requirement:          10.000ns
  Data Path Delay:      5.185ns (Levels of Logic = 2)
  Clock Path Skew:      -0.028ns (0.422 - 0.450)
  Source Clock:         clk_100mhz_BUFGP rising at 0.000ns
  Destination Clock:    clk_100mhz_BUFGP rising at 10.000ns
  Clock Uncertainty:    0.035ns

  Clock Uncertainty:          0.035ns  ((TSJ^2 + TIJ^2)^1/2 + DJ) / 2 + PE
    Total System Jitter (TSJ):  0.070ns
    Total Input Jitter (TIJ):   0.000ns
    Discrete Jitter (DJ):       0.000ns
    Phase Error (PE):           0.000ns

  Maximum Data Path at Slow Process Corner: anti_jitter/btn_temp_0 to anti_jitter/counter_14
    Location             Delay type         Delay(ns)  Physical Resource
                                                       Logical Resource(s)
    -------------------------------------------------  -------------------
    SLICE_X14Y45.AQ      Tcko                  0.447   anti_jitter/btn_temp<3>
                                                       anti_jitter/btn_temp_0
    SLICE_X15Y45.D6      net (fanout=1)        0.743   anti_jitter/btn_temp<0>
    SLICE_X15Y45.D       Tilo                  0.259   anti_jitter/btn_temp<4>
                                                       anti_jitter/btn_temp[4]_sw_temp[7]_OR_140_o6
    SLICE_X15Y16.A5      net (fanout=2)        1.938   anti_jitter/btn_temp[4]_sw_temp[7]_OR_140_o6
    SLICE_X15Y16.A       Tilo                  0.259   anti_jitter/counter<16>
                                                       anti_jitter/btn_temp[4]_sw_temp[7]_OR_140_o7
    SLICE_X13Y22.SR      net (fanout=5)        1.117   anti_jitter/btn_temp[4]_sw_temp[7]_OR_140_o
    SLICE_X13Y22.CLK     Tsrck                 0.422   anti_jitter/counter<15>
                                                       anti_jitter/counter_14
    -------------------------------------------------  ---------------------------
    Total                                      5.185ns (1.387ns logic, 3.798ns route)
                                                       (26.8% logic, 73.2% route)

--------------------------------------------------------------------------------

Paths for end point anti_jitter/counter_11 (SLICE_X13Y21.SR), 18 paths
--------------------------------------------------------------------------------
Slack (setup path):     2.980ns (requirement - (data path - clock path skew + uncertainty))
  Source:               anti_jitter/sw_temp_1 (FF)
  Destination:          anti_jitter/counter_11 (FF)
  Requirement:          10.000ns
  Data Path Delay:      6.978ns (Levels of Logic = 2)
  Clock Path Skew:      -0.007ns (0.338 - 0.345)
  Source Clock:         clk_100mhz_BUFGP rising at 0.000ns
  Destination Clock:    clk_100mhz_BUFGP rising at 10.000ns
  Clock Uncertainty:    0.035ns

  Clock Uncertainty:          0.035ns  ((TSJ^2 + TIJ^2)^1/2 + DJ) / 2 + PE
    Total System Jitter (TSJ):  0.070ns
    Total Input Jitter (TIJ):   0.000ns
    Discrete Jitter (DJ):       0.000ns
    Phase Error (PE):           0.000ns

  Maximum Data Path at Slow Process Corner: anti_jitter/sw_temp_1 to anti_jitter/counter_11
    Location             Delay type         Delay(ns)  Physical Resource
                                                       Logical Resource(s)
    -------------------------------------------------  -------------------
    SLICE_X17Y9.BQ       Tcko                  0.391   anti_jitter/sw_temp<3>
                                                       anti_jitter/sw_temp_1
    SLICE_X15Y45.D4      net (fanout=2)        2.594   anti_jitter/sw_temp<1>
    SLICE_X15Y45.D       Tilo                  0.259   anti_jitter/btn_temp<4>
                                                       anti_jitter/btn_temp[4]_sw_temp[7]_OR_140_o6
    SLICE_X15Y16.A5      net (fanout=2)        1.938   anti_jitter/btn_temp[4]_sw_temp[7]_OR_140_o6
    SLICE_X15Y16.A       Tilo                  0.259   anti_jitter/counter<16>
                                                       anti_jitter/btn_temp[4]_sw_temp[7]_OR_140_o7
    SLICE_X13Y21.SR      net (fanout=5)        1.091   anti_jitter/btn_temp[4]_sw_temp[7]_OR_140_o
    SLICE_X13Y21.CLK     Tsrck                 0.446   anti_jitter/counter<11>
                                                       anti_jitter/counter_11
    -------------------------------------------------  ---------------------------
    Total                                      6.978ns (1.355ns logic, 5.623ns route)
                                                       (19.4% logic, 80.6% route)

--------------------------------------------------------------------------------
Slack (setup path):     4.609ns (requirement - (data path - clock path skew + uncertainty))
  Source:               anti_jitter/btn_temp_4 (FF)
  Destination:          anti_jitter/counter_11 (FF)
  Requirement:          10.000ns
  Data Path Delay:      5.331ns (Levels of Logic = 2)
  Clock Path Skew:      -0.025ns (0.425 - 0.450)
  Source Clock:         clk_100mhz_BUFGP rising at 0.000ns
  Destination Clock:    clk_100mhz_BUFGP rising at 10.000ns
  Clock Uncertainty:    0.035ns

  Clock Uncertainty:          0.035ns  ((TSJ^2 + TIJ^2)^1/2 + DJ) / 2 + PE
    Total System Jitter (TSJ):  0.070ns
    Total Input Jitter (TIJ):   0.000ns
    Discrete Jitter (DJ):       0.000ns
    Phase Error (PE):           0.000ns

  Maximum Data Path at Slow Process Corner: anti_jitter/btn_temp_4 to anti_jitter/counter_11
    Location             Delay type         Delay(ns)  Physical Resource
                                                       Logical Resource(s)
    -------------------------------------------------  -------------------
    SLICE_X15Y45.AQ      Tcko                  0.391   anti_jitter/btn_temp<4>
                                                       anti_jitter/btn_temp_4
    SLICE_X15Y45.D3      net (fanout=2)        0.947   anti_jitter/btn_temp<4>
    SLICE_X15Y45.D       Tilo                  0.259   anti_jitter/btn_temp<4>
                                                       anti_jitter/btn_temp[4]_sw_temp[7]_OR_140_o6
    SLICE_X15Y16.A5      net (fanout=2)        1.938   anti_jitter/btn_temp[4]_sw_temp[7]_OR_140_o6
    SLICE_X15Y16.A       Tilo                  0.259   anti_jitter/counter<16>
                                                       anti_jitter/btn_temp[4]_sw_temp[7]_OR_140_o7
    SLICE_X13Y21.SR      net (fanout=5)        1.091   anti_jitter/btn_temp[4]_sw_temp[7]_OR_140_o
    SLICE_X13Y21.CLK     Tsrck                 0.446   anti_jitter/counter<11>
                                                       anti_jitter/counter_11
    -------------------------------------------------  ---------------------------
    Total                                      5.331ns (1.355ns logic, 3.976ns route)
                                                       (25.4% logic, 74.6% route)

--------------------------------------------------------------------------------
Slack (setup path):     4.757ns (requirement - (data path - clock path skew + uncertainty))
  Source:               anti_jitter/btn_temp_0 (FF)
  Destination:          anti_jitter/counter_11 (FF)
  Requirement:          10.000ns
  Data Path Delay:      5.183ns (Levels of Logic = 2)
  Clock Path Skew:      -0.025ns (0.425 - 0.450)
  Source Clock:         clk_100mhz_BUFGP rising at 0.000ns
  Destination Clock:    clk_100mhz_BUFGP rising at 10.000ns
  Clock Uncertainty:    0.035ns

  Clock Uncertainty:          0.035ns  ((TSJ^2 + TIJ^2)^1/2 + DJ) / 2 + PE
    Total System Jitter (TSJ):  0.070ns
    Total Input Jitter (TIJ):   0.000ns
    Discrete Jitter (DJ):       0.000ns
    Phase Error (PE):           0.000ns

  Maximum Data Path at Slow Process Corner: anti_jitter/btn_temp_0 to anti_jitter/counter_11
    Location             Delay type         Delay(ns)  Physical Resource
                                                       Logical Resource(s)
    -------------------------------------------------  -------------------
    SLICE_X14Y45.AQ      Tcko                  0.447   anti_jitter/btn_temp<3>
                                                       anti_jitter/btn_temp_0
    SLICE_X15Y45.D6      net (fanout=1)        0.743   anti_jitter/btn_temp<0>
    SLICE_X15Y45.D       Tilo                  0.259   anti_jitter/btn_temp<4>
                                                       anti_jitter/btn_temp[4]_sw_temp[7]_OR_140_o6
    SLICE_X15Y16.A5      net (fanout=2)        1.938   anti_jitter/btn_temp[4]_sw_temp[7]_OR_140_o6
    SLICE_X15Y16.A       Tilo                  0.259   anti_jitter/counter<16>
                                                       anti_jitter/btn_temp[4]_sw_temp[7]_OR_140_o7
    SLICE_X13Y21.SR      net (fanout=5)        1.091   anti_jitter/btn_temp[4]_sw_temp[7]_OR_140_o
    SLICE_X13Y21.CLK     Tsrck                 0.446   anti_jitter/counter<11>
                                                       anti_jitter/counter_11
    -------------------------------------------------  ---------------------------
    Total                                      5.183ns (1.411ns logic, 3.772ns route)
                                                       (27.2% logic, 72.8% route)

--------------------------------------------------------------------------------

Hold Paths: NET "clk_100mhz_BUFGP/IBUFG" PERIOD = 10 ns HIGH 50%;
--------------------------------------------------------------------------------

Paths for end point anti_jitter/counter_0 (SLICE_X13Y19.A6), 1 path
--------------------------------------------------------------------------------
Slack (hold path):      0.436ns (requirement - (clock path skew + uncertainty - data path))
  Source:               anti_jitter/counter_0 (FF)
  Destination:          anti_jitter/counter_0 (FF)
  Requirement:          0.000ns
  Data Path Delay:      0.436ns (Levels of Logic = 1)
  Clock Path Skew:      0.000ns
  Source Clock:         clk_100mhz_BUFGP rising at 10.000ns
  Destination Clock:    clk_100mhz_BUFGP rising at 10.000ns
  Clock Uncertainty:    0.000ns

  Minimum Data Path at Fast Process Corner: anti_jitter/counter_0 to anti_jitter/counter_0
    Location             Delay type         Delay(ns)  Physical Resource
                                                       Logical Resource(s)
    -------------------------------------------------  -------------------
    SLICE_X13Y19.AQ      Tcko                  0.198   anti_jitter/counter<3>
                                                       anti_jitter/counter_0
    SLICE_X13Y19.A6      net (fanout=2)        0.023   anti_jitter/counter<0>
    SLICE_X13Y19.CLK     Tah         (-Th)    -0.215   anti_jitter/counter<3>
                                                       anti_jitter/counter_0_rstpot
                                                       anti_jitter/counter_0
    -------------------------------------------------  ---------------------------
    Total                                      0.436ns (0.413ns logic, 0.023ns route)
                                                       (94.7% logic, 5.3% route)

--------------------------------------------------------------------------------

Paths for end point anti_jitter/counter_3 (SLICE_X13Y19.D6), 1 path
--------------------------------------------------------------------------------
Slack (hold path):      0.436ns (requirement - (clock path skew + uncertainty - data path))
  Source:               anti_jitter/counter_3 (FF)
  Destination:          anti_jitter/counter_3 (FF)
  Requirement:          0.000ns
  Data Path Delay:      0.436ns (Levels of Logic = 1)
  Clock Path Skew:      0.000ns
  Source Clock:         clk_100mhz_BUFGP rising at 10.000ns
  Destination Clock:    clk_100mhz_BUFGP rising at 10.000ns
  Clock Uncertainty:    0.000ns

  Minimum Data Path at Fast Process Corner: anti_jitter/counter_3 to anti_jitter/counter_3
    Location             Delay type         Delay(ns)  Physical Resource
                                                       Logical Resource(s)
    -------------------------------------------------  -------------------
    SLICE_X13Y19.DQ      Tcko                  0.198   anti_jitter/counter<3>
                                                       anti_jitter/counter_3
    SLICE_X13Y19.D6      net (fanout=2)        0.023   anti_jitter/counter<3>
    SLICE_X13Y19.CLK     Tah         (-Th)    -0.215   anti_jitter/counter<3>
                                                       anti_jitter/counter_3_rstpot
                                                       anti_jitter/counter_3
    -------------------------------------------------  ---------------------------
    Total                                      0.436ns (0.413ns logic, 0.023ns route)
                                                       (94.7% logic, 5.3% route)

--------------------------------------------------------------------------------

Paths for end point anti_jitter/counter_4 (SLICE_X13Y20.A6), 1 path
--------------------------------------------------------------------------------
Slack (hold path):      0.436ns (requirement - (clock path skew + uncertainty - data path))
  Source:               anti_jitter/counter_4 (FF)
  Destination:          anti_jitter/counter_4 (FF)
  Requirement:          0.000ns
  Data Path Delay:      0.436ns (Levels of Logic = 1)
  Clock Path Skew:      0.000ns
  Source Clock:         clk_100mhz_BUFGP rising at 10.000ns
  Destination Clock:    clk_100mhz_BUFGP rising at 10.000ns
  Clock Uncertainty:    0.000ns

  Minimum Data Path at Fast Process Corner: anti_jitter/counter_4 to anti_jitter/counter_4
    Location             Delay type         Delay(ns)  Physical Resource
                                                       Logical Resource(s)
    -------------------------------------------------  -------------------
    SLICE_X13Y20.AQ      Tcko                  0.198   anti_jitter/counter<7>
                                                       anti_jitter/counter_4
    SLICE_X13Y20.A6      net (fanout=2)        0.023   anti_jitter/counter<4>
    SLICE_X13Y20.CLK     Tah         (-Th)    -0.215   anti_jitter/counter<7>
                                                       anti_jitter/counter_4_rstpot
                                                       anti_jitter/counter_4
    -------------------------------------------------  ---------------------------
    Total                                      0.436ns (0.413ns logic, 0.023ns route)
                                                       (94.7% logic, 5.3% route)

--------------------------------------------------------------------------------

Component Switching Limit Checks: NET "clk_100mhz_BUFGP/IBUFG" PERIOD = 10 ns HIGH 50%;
--------------------------------------------------------------------------------
Slack: 8.270ns (period - min period limit)
  Period: 10.000ns
  Min period limit: 1.730ns (578.035MHz) (Tbcper_I)
  Physical resource: clk_100mhz_BUFGP/BUFG/I0
  Logical resource: clk_100mhz_BUFGP/BUFG/I0
  Location pin: BUFGMUX_X3Y13.I0
  Clock network: clk_100mhz_BUFGP/IBUFG
--------------------------------------------------------------------------------
Slack: 9.595ns (period - min period limit)
  Period: 10.000ns
  Min period limit: 0.405ns (2469.136MHz) (Tcp)
  Physical resource: clk_div/clkdiv<3>/CLK
  Logical resource: clk_div/clkdiv_0/CK
  Location pin: SLICE_X26Y4.CLK
  Clock network: clk_100mhz_BUFGP
--------------------------------------------------------------------------------
Slack: 9.595ns (period - min period limit)
  Period: 10.000ns
  Min period limit: 0.405ns (2469.136MHz) (Tcp)
  Physical resource: clk_div/clkdiv<3>/CLK
  Logical resource: clk_div/clkdiv_1/CK
  Location pin: SLICE_X26Y4.CLK
  Clock network: clk_100mhz_BUFGP
--------------------------------------------------------------------------------


All constraints were met.


Data Sheet report:
-----------------
All values displayed in nanoseconds (ns)

Clock to Setup on destination clock clk_100mhz
---------------+---------+---------+---------+---------+
               | Src:Rise| Src:Fall| Src:Rise| Src:Fall|
Source Clock   |Dest:Rise|Dest:Rise|Dest:Fall|Dest:Fall|
---------------+---------+---------+---------+---------+
clk_100mhz     |    7.049|         |         |         |
---------------+---------+---------+---------+---------+


Timing summary:
---------------

Timing errors: 0  Score: 0  (Setup/Max: 0, Hold: 0)

Constraints cover 1608 paths, 0 nets, and 212 connections

Design statistics:
   Minimum period:   7.049ns{1}   (Maximum frequency: 141.864MHz)


------------------------------------Footnotes-----------------------------------
1)  The minimum period statistic assumes all single cycle delays.

Analysis completed Wed Nov 11 15:12:06 2015 
--------------------------------------------------------------------------------

Trace Settings:
-------------------------
Trace Settings 

Peak Memory Usage: 161 MB



